<?xml version="1.0" encoding="UTF-8"?>
<testng-results skipped="0" failed="0" total="2" passed="2">
  <reporter-output>
  </reporter-output>
  <suite name="Suite" duration-ms="78531" started-at="2018-12-16T05:42:22Z" finished-at="2018-12-16T05:43:41Z">
    <groups>
      <group name="cucumber">
        <method signature="AbstractTestNGCucumberTests.feature(cucumber.api.testng.CucumberFeatureWrapper)[pri:0, instance:runner.runner@34b7bfc0]" name="feature" class="cucumber.api.testng.AbstractTestNGCucumberTests"/>
        <method signature="AbstractTestNGCucumberTests.feature(cucumber.api.testng.CucumberFeatureWrapper)[pri:0, instance:runner.runner2@59e84876]" name="feature" class="cucumber.api.testng.AbstractTestNGCucumberTests"/>
      </group> <!-- cucumber -->
    </groups>
    <test name="Test1" duration-ms="53800" started-at="2018-12-16T05:42:22Z" finished-at="2018-12-16T05:43:16Z">
      <class name="runner.runner">
        <test-method status="PASS" signature="setUpClass()[pri:0, instance:runner.runner@34b7bfc0]" name="setUpClass" is-config="true" duration-ms="181" started-at="2018-12-16T11:12:22Z" finished-at="2018-12-16T11:12:22Z">
          <reporter-output>
          </reporter-output>
        </test-method> <!-- setUpClass -->
        <test-method status="PASS" signature="feature(cucumber.api.testng.CucumberFeatureWrapper)[pri:0, instance:runner.runner@34b7bfc0]" name="feature" duration-ms="53543" started-at="2018-12-16T11:12:22Z" description="Runs Cucumber Feature" data-provider="features" finished-at="2018-12-16T11:13:16Z">
          <params>
            <param index="0">
              <value>
                <![CDATA[Google Search]]>
              </value>
            </param>
          </params>
          <reporter-output>
          </reporter-output>
        </test-method> <!-- feature -->
        <test-method status="PASS" signature="tearDownClass()[pri:0, instance:runner.runner@34b7bfc0]" name="tearDownClass" is-config="true" duration-ms="8" started-at="2018-12-16T11:13:16Z" finished-at="2018-12-16T11:13:16Z">
          <reporter-output>
          </reporter-output>
        </test-method> <!-- tearDownClass -->
      </class> <!-- runner.runner -->
    </test> <!-- Test1 -->
    <test name="Test2" duration-ms="78531" started-at="2018-12-16T05:42:22Z" finished-at="2018-12-16T05:43:41Z">
      <class name="runner.runner2">
        <test-method status="PASS" signature="setUpClass()[pri:0, instance:runner.runner2@59e84876]" name="setUpClass" is-config="true" duration-ms="180" started-at="2018-12-16T11:12:22Z" finished-at="2018-12-16T11:12:22Z">
          <reporter-output>
          </reporter-output>
        </test-method> <!-- setUpClass -->
        <test-method status="PASS" signature="feature(cucumber.api.testng.CucumberFeatureWrapper)[pri:0, instance:runner.runner2@59e84876]" name="feature" duration-ms="78283" started-at="2018-12-16T11:12:22Z" description="Runs Cucumber Feature" data-provider="features" finished-at="2018-12-16T11:13:41Z">
          <params>
            <param index="0">
              <value>
                <![CDATA[Google Search]]>
              </value>
            </param>
          </params>
          <reporter-output>
          </reporter-output>
        </test-method> <!-- feature -->
        <test-method status="PASS" signature="tearDownClass()[pri:0, instance:runner.runner2@59e84876]" name="tearDownClass" is-config="true" duration-ms="1" started-at="2018-12-16T11:13:41Z" finished-at="2018-12-16T11:13:41Z">
          <reporter-output>
          </reporter-output>
        </test-method> <!-- tearDownClass -->
      </class> <!-- runner.runner2 -->
    </test> <!-- Test2 -->
  </suite> <!-- Suite -->
</testng-results>
